<?xml version="1.0" encoding="UTF-8"?>
<testng-results skipped="0" failed="0" total="1" passed="1">
  <reporter-output>
  </reporter-output>
  <suite name="Suite" duration-ms="13825" started-at="2020-02-22T09:47:40Z" finished-at="2020-02-22T09:47:54Z">
    <groups>
    </groups>
    <test name="Test" duration-ms="13825" started-at="2020-02-22T09:47:40Z" finished-at="2020-02-22T09:47:54Z">
      <class name="practicemaven.practice">
        <test-method status="PASS" signature="test1()[pri:0, instance:practicemaven.practice@25b485ba]" name="test1" duration-ms="13800" started-at="2020-02-22T15:17:40Z" finished-at="2020-02-22T15:17:54Z">
          <reporter-output>
          </reporter-output>
        </test-method> <!-- test1 -->
      </class> <!-- practicemaven.practice -->
    </test> <!-- Test -->
  </suite> <!-- Suite -->
</testng-results>
